<?xml version="1.0" encoding="UTF-8"?>
<!-- Generated by org.testng.reporters.JUnitReportReporter -->
<testsuite skipped="0" hostname="User-PC" name="tests.MyIDEVerificationScriptNGScript" tests="1" failures="0" timestamp="15 Mar 2018 17:36:33 GMT" time="13.527" errors="0">
  <testcase name="testIDEVerificationScript" time="13.527" classname="tests.MyIDEVerificationScriptNGScript"/>
</testsuite> <!-- tests.MyIDEVerificationScriptNGScript -->
