<?xml version="1.0" encoding="UTF-8"?>
<!-- Generated by org.testng.reporters.JUnitReportReporter -->
<testsuite skipped="0" hostname="User-PC" name="tests.MyTestNGTest" tests="1" failures="0" timestamp="02 May 2018 08:18:38 GMT" time="19.823" errors="0">
  <testcase name="testMyFirstWebDriver" time="19.823" classname="tests.MyTestNGTest"/>
</testsuite> <!-- tests.MyTestNGTest -->
